<?xml version="1.0" encoding="UTF-8"?>
<!-- Generated by org.testng.reporters.JUnitReportReporter -->
<testsuite hostname="DESKTOP-JSLH211" failures="0" tests="32" name="runneralgo.Runalgo" time="2.065" errors="32" timestamp="2023-10-26T17:44:33 CDT" skipped="0">
  <testcase classname="runneralgo.Runalgo" name="runScenario" time="0.033">
    <error message="C:\Users\amitf\eclipse-workspace\Ds-algo\src\test\java\stepdefinition\ConfigProperties.properties (The system cannot find the file specified)" type="java.io.FileNotFoundException">
      <![CDATA[java.io.FileNotFoundException: C:\Users\amitf\eclipse-workspace\Ds-algo\src\test\java\stepdefinition\ConfigProperties.properties (The system cannot find the file specified)
at java.base/java.io.FileInputStream.open0(Native Method)
at java.base/java.io.FileInputStream.open(FileInputStream.java:216)
at java.base/java.io.FileInputStream.<init>(FileInputStream.java:157)
at java.base/java.io.FileInputStream.<init>(FileInputStream.java:111)
at stepdefinition.Hooks.driversetup(Hooks.java:35)
]]>
    </error>
  </testcase> <!-- runScenario -->
  <system-out/>
  <testcase classname="runneralgo.Runalgo" name="runScenario" time="0.026">
    <error message="C:\Users\amitf\eclipse-workspace\Ds-algo\src\test\java\stepdefinition\ConfigProperties.properties (The system cannot find the file specified)" type="java.io.FileNotFoundException">
      <![CDATA[java.io.FileNotFoundException: C:\Users\amitf\eclipse-workspace\Ds-algo\src\test\java\stepdefinition\ConfigProperties.properties (The system cannot find the file specified)
at java.base/java.io.FileInputStream.open0(Native Method)
at java.base/java.io.FileInputStream.open(FileInputStream.java:216)
at java.base/java.io.FileInputStream.<init>(FileInputStream.java:157)
at java.base/java.io.FileInputStream.<init>(FileInputStream.java:111)
at stepdefinition.Hooks.driversetup(Hooks.java:35)
]]>
    </error>
  </testcase> <!-- runScenario -->
  <system-out/>
  <testcase classname="runneralgo.Runalgo" name="runScenario" time="0.035">
    <error message="C:\Users\amitf\eclipse-workspace\Ds-algo\src\test\java\stepdefinition\ConfigProperties.properties (The system cannot find the file specified)" type="java.io.FileNotFoundException">
      <![CDATA[java.io.FileNotFoundException: C:\Users\amitf\eclipse-workspace\Ds-algo\src\test\java\stepdefinition\ConfigProperties.properties (The system cannot find the file specified)
at java.base/java.io.FileInputStream.open0(Native Method)
at java.base/java.io.FileInputStream.open(FileInputStream.java:216)
at java.base/java.io.FileInputStream.<init>(FileInputStream.java:157)
at java.base/java.io.FileInputStream.<init>(FileInputStream.java:111)
at stepdefinition.Hooks.driversetup(Hooks.java:35)
]]>
    </error>
  </testcase> <!-- runScenario -->
  <system-out/>
  <testcase classname="runneralgo.Runalgo" name="runScenario" time="0.058">
    <error message="C:\Users\amitf\eclipse-workspace\Ds-algo\src\test\java\stepdefinition\ConfigProperties.properties (The system cannot find the file specified)" type="java.io.FileNotFoundException">
      <![CDATA[java.io.FileNotFoundException: C:\Users\amitf\eclipse-workspace\Ds-algo\src\test\java\stepdefinition\ConfigProperties.properties (The system cannot find the file specified)
at java.base/java.io.FileInputStream.open0(Native Method)
at java.base/java.io.FileInputStream.open(FileInputStream.java:216)
at java.base/java.io.FileInputStream.<init>(FileInputStream.java:157)
at java.base/java.io.FileInputStream.<init>(FileInputStream.java:111)
at stepdefinition.Hooks.driversetup(Hooks.java:35)
]]>
    </error>
  </testcase> <!-- runScenario -->
  <system-out/>
  <testcase classname="runneralgo.Runalgo" name="runScenario" time="0.069">
    <error message="C:\Users\amitf\eclipse-workspace\Ds-algo\src\test\java\stepdefinition\ConfigProperties.properties (The system cannot find the file specified)" type="java.io.FileNotFoundException">
      <![CDATA[java.io.FileNotFoundException: C:\Users\amitf\eclipse-workspace\Ds-algo\src\test\java\stepdefinition\ConfigProperties.properties (The system cannot find the file specified)
at java.base/java.io.FileInputStream.open0(Native Method)
at java.base/java.io.FileInputStream.open(FileInputStream.java:216)
at java.base/java.io.FileInputStream.<init>(FileInputStream.java:157)
at java.base/java.io.FileInputStream.<init>(FileInputStream.java:111)
at stepdefinition.Hooks.driversetup(Hooks.java:35)
]]>
    </error>
  </testcase> <!-- runScenario -->
  <system-out/>
  <testcase classname="runneralgo.Runalgo" name="runScenario" time="0.149">
    <error message="C:\Users\amitf\eclipse-workspace\Ds-algo\src\test\java\stepdefinition\ConfigProperties.properties (The system cannot find the file specified)" type="java.io.FileNotFoundException">
      <![CDATA[java.io.FileNotFoundException: C:\Users\amitf\eclipse-workspace\Ds-algo\src\test\java\stepdefinition\ConfigProperties.properties (The system cannot find the file specified)
at java.base/java.io.FileInputStream.open0(Native Method)
at java.base/java.io.FileInputStream.open(FileInputStream.java:216)
at java.base/java.io.FileInputStream.<init>(FileInputStream.java:157)
at java.base/java.io.FileInputStream.<init>(FileInputStream.java:111)
at stepdefinition.Hooks.driversetup(Hooks.java:35)
]]>
    </error>
  </testcase> <!-- runScenario -->
  <system-out/>
  <testcase classname="runneralgo.Runalgo" name="runScenario" time="0.111">
    <error message="C:\Users\amitf\eclipse-workspace\Ds-algo\src\test\java\stepdefinition\ConfigProperties.properties (The system cannot find the file specified)" type="java.io.FileNotFoundException">
      <![CDATA[java.io.FileNotFoundException: C:\Users\amitf\eclipse-workspace\Ds-algo\src\test\java\stepdefinition\ConfigProperties.properties (The system cannot find the file specified)
at java.base/java.io.FileInputStream.open0(Native Method)
at java.base/java.io.FileInputStream.open(FileInputStream.java:216)
at java.base/java.io.FileInputStream.<init>(FileInputStream.java:157)
at java.base/java.io.FileInputStream.<init>(FileInputStream.java:111)
at stepdefinition.Hooks.driversetup(Hooks.java:35)
]]>
    </error>
  </testcase> <!-- runScenario -->
  <system-out/>
  <testcase classname="runneralgo.Runalgo" name="runScenario" time="0.170">
    <error message="C:\Users\amitf\eclipse-workspace\Ds-algo\src\test\java\stepdefinition\ConfigProperties.properties (The system cannot find the file specified)" type="java.io.FileNotFoundException">
      <![CDATA[java.io.FileNotFoundException: C:\Users\amitf\eclipse-workspace\Ds-algo\src\test\java\stepdefinition\ConfigProperties.properties (The system cannot find the file specified)
at java.base/java.io.FileInputStream.open0(Native Method)
at java.base/java.io.FileInputStream.open(FileInputStream.java:216)
at java.base/java.io.FileInputStream.<init>(FileInputStream.java:157)
at java.base/java.io.FileInputStream.<init>(FileInputStream.java:111)
at stepdefinition.Hooks.driversetup(Hooks.java:35)
]]>
    </error>
  </testcase> <!-- runScenario -->
  <system-out/>
  <testcase classname="runneralgo.Runalgo" name="runScenario" time="0.059">
    <error message="C:\Users\amitf\eclipse-workspace\Ds-algo\src\test\java\stepdefinition\ConfigProperties.properties (The system cannot find the file specified)" type="java.io.FileNotFoundException">
      <![CDATA[java.io.FileNotFoundException: C:\Users\amitf\eclipse-workspace\Ds-algo\src\test\java\stepdefinition\ConfigProperties.properties (The system cannot find the file specified)
at java.base/java.io.FileInputStream.open0(Native Method)
at java.base/java.io.FileInputStream.open(FileInputStream.java:216)
at java.base/java.io.FileInputStream.<init>(FileInputStream.java:157)
at java.base/java.io.FileInputStream.<init>(FileInputStream.java:111)
at stepdefinition.Hooks.driversetup(Hooks.java:35)
]]>
    </error>
  </testcase> <!-- runScenario -->
  <system-out/>
  <testcase classname="runneralgo.Runalgo" name="runScenario" time="0.025">
    <error message="C:\Users\amitf\eclipse-workspace\Ds-algo\src\test\java\stepdefinition\ConfigProperties.properties (The system cannot find the file specified)" type="java.io.FileNotFoundException">
      <![CDATA[java.io.FileNotFoundException: C:\Users\amitf\eclipse-workspace\Ds-algo\src\test\java\stepdefinition\ConfigProperties.properties (The system cannot find the file specified)
at java.base/java.io.FileInputStream.open0(Native Method)
at java.base/java.io.FileInputStream.open(FileInputStream.java:216)
at java.base/java.io.FileInputStream.<init>(FileInputStream.java:157)
at java.base/java.io.FileInputStream.<init>(FileInputStream.java:111)
at stepdefinition.Hooks.driversetup(Hooks.java:35)
]]>
    </error>
  </testcase> <!-- runScenario -->
  <system-out/>
  <testcase classname="runneralgo.Runalgo" name="runScenario" time="0.041">
    <error message="C:\Users\amitf\eclipse-workspace\Ds-algo\src\test\java\stepdefinition\ConfigProperties.properties (The system cannot find the file specified)" type="java.io.FileNotFoundException">
      <![CDATA[java.io.FileNotFoundException: C:\Users\amitf\eclipse-workspace\Ds-algo\src\test\java\stepdefinition\ConfigProperties.properties (The system cannot find the file specified)
at java.base/java.io.FileInputStream.open0(Native Method)
at java.base/java.io.FileInputStream.open(FileInputStream.java:216)
at java.base/java.io.FileInputStream.<init>(FileInputStream.java:157)
at java.base/java.io.FileInputStream.<init>(FileInputStream.java:111)
at stepdefinition.Hooks.driversetup(Hooks.java:35)
]]>
    </error>
  </testcase> <!-- runScenario -->
  <system-out/>
  <testcase classname="runneralgo.Runalgo" name="runScenario" time="0.051">
    <error message="C:\Users\amitf\eclipse-workspace\Ds-algo\src\test\java\stepdefinition\ConfigProperties.properties (The system cannot find the file specified)" type="java.io.FileNotFoundException">
      <![CDATA[java.io.FileNotFoundException: C:\Users\amitf\eclipse-workspace\Ds-algo\src\test\java\stepdefinition\ConfigProperties.properties (The system cannot find the file specified)
at java.base/java.io.FileInputStream.open0(Native Method)
at java.base/java.io.FileInputStream.open(FileInputStream.java:216)
at java.base/java.io.FileInputStream.<init>(FileInputStream.java:157)
at java.base/java.io.FileInputStream.<init>(FileInputStream.java:111)
at stepdefinition.Hooks.driversetup(Hooks.java:35)
]]>
    </error>
  </testcase> <!-- runScenario -->
  <system-out/>
  <testcase classname="runneralgo.Runalgo" name="runScenario" time="0.067">
    <error message="C:\Users\amitf\eclipse-workspace\Ds-algo\src\test\java\stepdefinition\ConfigProperties.properties (The system cannot find the file specified)" type="java.io.FileNotFoundException">
      <![CDATA[java.io.FileNotFoundException: C:\Users\amitf\eclipse-workspace\Ds-algo\src\test\java\stepdefinition\ConfigProperties.properties (The system cannot find the file specified)
at java.base/java.io.FileInputStream.open0(Native Method)
at java.base/java.io.FileInputStream.open(FileInputStream.java:216)
at java.base/java.io.FileInputStream.<init>(FileInputStream.java:157)
at java.base/java.io.FileInputStream.<init>(FileInputStream.java:111)
at stepdefinition.Hooks.driversetup(Hooks.java:35)
]]>
    </error>
  </testcase> <!-- runScenario -->
  <system-out/>
  <testcase classname="runneralgo.Runalgo" name="runScenario" time="0.041">
    <error message="C:\Users\amitf\eclipse-workspace\Ds-algo\src\test\java\stepdefinition\ConfigProperties.properties (The system cannot find the file specified)" type="java.io.FileNotFoundException">
      <![CDATA[java.io.FileNotFoundException: C:\Users\amitf\eclipse-workspace\Ds-algo\src\test\java\stepdefinition\ConfigProperties.properties (The system cannot find the file specified)
at java.base/java.io.FileInputStream.open0(Native Method)
at java.base/java.io.FileInputStream.open(FileInputStream.java:216)
at java.base/java.io.FileInputStream.<init>(FileInputStream.java:157)
at java.base/java.io.FileInputStream.<init>(FileInputStream.java:111)
at stepdefinition.Hooks.driversetup(Hooks.java:35)
]]>
    </error>
  </testcase> <!-- runScenario -->
  <system-out/>
  <testcase classname="runneralgo.Runalgo" name="runScenario" time="0.082">
    <error message="C:\Users\amitf\eclipse-workspace\Ds-algo\src\test\java\stepdefinition\ConfigProperties.properties (The system cannot find the file specified)" type="java.io.FileNotFoundException">
      <![CDATA[java.io.FileNotFoundException: C:\Users\amitf\eclipse-workspace\Ds-algo\src\test\java\stepdefinition\ConfigProperties.properties (The system cannot find the file specified)
at java.base/java.io.FileInputStream.open0(Native Method)
at java.base/java.io.FileInputStream.open(FileInputStream.java:216)
at java.base/java.io.FileInputStream.<init>(FileInputStream.java:157)
at java.base/java.io.FileInputStream.<init>(FileInputStream.java:111)
at stepdefinition.Hooks.driversetup(Hooks.java:35)
]]>
    </error>
  </testcase> <!-- runScenario -->
  <system-out/>
  <testcase classname="runneralgo.Runalgo" name="runScenario" time="0.025">
    <error message="C:\Users\amitf\eclipse-workspace\Ds-algo\src\test\java\stepdefinition\ConfigProperties.properties (The system cannot find the file specified)" type="java.io.FileNotFoundException">
      <![CDATA[java.io.FileNotFoundException: C:\Users\amitf\eclipse-workspace\Ds-algo\src\test\java\stepdefinition\ConfigProperties.properties (The system cannot find the file specified)
at java.base/java.io.FileInputStream.open0(Native Method)
at java.base/java.io.FileInputStream.open(FileInputStream.java:216)
at java.base/java.io.FileInputStream.<init>(FileInputStream.java:157)
at java.base/java.io.FileInputStream.<init>(FileInputStream.java:111)
at stepdefinition.Hooks.driversetup(Hooks.java:35)
]]>
    </error>
  </testcase> <!-- runScenario -->
  <system-out/>
  <testcase classname="runneralgo.Runalgo" name="runScenario" time="0.097">
    <error message="C:\Users\amitf\eclipse-workspace\Ds-algo\src\test\java\stepdefinition\ConfigProperties.properties (The system cannot find the file specified)" type="java.io.FileNotFoundException">
      <![CDATA[java.io.FileNotFoundException: C:\Users\amitf\eclipse-workspace\Ds-algo\src\test\java\stepdefinition\ConfigProperties.properties (The system cannot find the file specified)
at java.base/java.io.FileInputStream.open0(Native Method)
at java.base/java.io.FileInputStream.open(FileInputStream.java:216)
at java.base/java.io.FileInputStream.<init>(FileInputStream.java:157)
at java.base/java.io.FileInputStream.<init>(FileInputStream.java:111)
at stepdefinition.Hooks.driversetup(Hooks.java:35)
]]>
    </error>
  </testcase> <!-- runScenario -->
  <system-out/>
  <testcase classname="runneralgo.Runalgo" name="runScenario" time="0.042">
    <error message="C:\Users\amitf\eclipse-workspace\Ds-algo\src\test\java\stepdefinition\ConfigProperties.properties (The system cannot find the file specified)" type="java.io.FileNotFoundException">
      <![CDATA[java.io.FileNotFoundException: C:\Users\amitf\eclipse-workspace\Ds-algo\src\test\java\stepdefinition\ConfigProperties.properties (The system cannot find the file specified)
at java.base/java.io.FileInputStream.open0(Native Method)
at java.base/java.io.FileInputStream.open(FileInputStream.java:216)
at java.base/java.io.FileInputStream.<init>(FileInputStream.java:157)
at java.base/java.io.FileInputStream.<init>(FileInputStream.java:111)
at stepdefinition.Hooks.driversetup(Hooks.java:35)
]]>
    </error>
  </testcase> <!-- runScenario -->
  <system-out/>
  <testcase classname="runneralgo.Runalgo" name="runScenario" time="0.040">
    <error message="C:\Users\amitf\eclipse-workspace\Ds-algo\src\test\java\stepdefinition\ConfigProperties.properties (The system cannot find the file specified)" type="java.io.FileNotFoundException">
      <![CDATA[java.io.FileNotFoundException: C:\Users\amitf\eclipse-workspace\Ds-algo\src\test\java\stepdefinition\ConfigProperties.properties (The system cannot find the file specified)
at java.base/java.io.FileInputStream.open0(Native Method)
at java.base/java.io.FileInputStream.open(FileInputStream.java:216)
at java.base/java.io.FileInputStream.<init>(FileInputStream.java:157)
at java.base/java.io.FileInputStream.<init>(FileInputStream.java:111)
at stepdefinition.Hooks.driversetup(Hooks.java:35)
]]>
    </error>
  </testcase> <!-- runScenario -->
  <system-out/>
  <testcase classname="runneralgo.Runalgo" name="runScenario" time="0.267">
    <error message="C:\Users\amitf\eclipse-workspace\Ds-algo\src\test\java\stepdefinition\ConfigProperties.properties (The system cannot find the file specified)" type="java.io.FileNotFoundException">
      <![CDATA[java.io.FileNotFoundException: C:\Users\amitf\eclipse-workspace\Ds-algo\src\test\java\stepdefinition\ConfigProperties.properties (The system cannot find the file specified)
at java.base/java.io.FileInputStream.open0(Native Method)
at java.base/java.io.FileInputStream.open(FileInputStream.java:216)
at java.base/java.io.FileInputStream.<init>(FileInputStream.java:157)
at java.base/java.io.FileInputStream.<init>(FileInputStream.java:111)
at stepdefinition.Hooks.driversetup(Hooks.java:35)
]]>
    </error>
  </testcase> <!-- runScenario -->
  <system-out/>
  <testcase classname="runneralgo.Runalgo" name="runScenario" time="0.039">
    <error message="C:\Users\amitf\eclipse-workspace\Ds-algo\src\test\java\stepdefinition\ConfigProperties.properties (The system cannot find the file specified)" type="java.io.FileNotFoundException">
      <![CDATA[java.io.FileNotFoundException: C:\Users\amitf\eclipse-workspace\Ds-algo\src\test\java\stepdefinition\ConfigProperties.properties (The system cannot find the file specified)
at java.base/java.io.FileInputStream.open0(Native Method)
at java.base/java.io.FileInputStream.open(FileInputStream.java:216)
at java.base/java.io.FileInputStream.<init>(FileInputStream.java:157)
at java.base/java.io.FileInputStream.<init>(FileInputStream.java:111)
at stepdefinition.Hooks.driversetup(Hooks.java:35)
]]>
    </error>
  </testcase> <!-- runScenario -->
  <system-out/>
  <testcase classname="runneralgo.Runalgo" name="runScenario" time="0.020">
    <error message="C:\Users\amitf\eclipse-workspace\Ds-algo\src\test\java\stepdefinition\ConfigProperties.properties (The system cannot find the file specified)" type="java.io.FileNotFoundException">
      <![CDATA[java.io.FileNotFoundException: C:\Users\amitf\eclipse-workspace\Ds-algo\src\test\java\stepdefinition\ConfigProperties.properties (The system cannot find the file specified)
at java.base/java.io.FileInputStream.open0(Native Method)
at java.base/java.io.FileInputStream.open(FileInputStream.java:216)
at java.base/java.io.FileInputStream.<init>(FileInputStream.java:157)
at java.base/java.io.FileInputStream.<init>(FileInputStream.java:111)
at stepdefinition.Hooks.driversetup(Hooks.java:35)
]]>
    </error>
  </testcase> <!-- runScenario -->
  <system-out/>
  <testcase classname="runneralgo.Runalgo" name="runScenario" time="0.090">
    <error message="C:\Users\amitf\eclipse-workspace\Ds-algo\src\test\java\stepdefinition\ConfigProperties.properties (The system cannot find the file specified)" type="java.io.FileNotFoundException">
      <![CDATA[java.io.FileNotFoundException: C:\Users\amitf\eclipse-workspace\Ds-algo\src\test\java\stepdefinition\ConfigProperties.properties (The system cannot find the file specified)
at java.base/java.io.FileInputStream.open0(Native Method)
at java.base/java.io.FileInputStream.open(FileInputStream.java:216)
at java.base/java.io.FileInputStream.<init>(FileInputStream.java:157)
at java.base/java.io.FileInputStream.<init>(FileInputStream.java:111)
at stepdefinition.Hooks.driversetup(Hooks.java:35)
]]>
    </error>
  </testcase> <!-- runScenario -->
  <system-out/>
  <testcase classname="runneralgo.Runalgo" name="runScenario" time="0.035">
    <error message="C:\Users\amitf\eclipse-workspace\Ds-algo\src\test\java\stepdefinition\ConfigProperties.properties (The system cannot find the file specified)" type="java.io.FileNotFoundException">
      <![CDATA[java.io.FileNotFoundException: C:\Users\amitf\eclipse-workspace\Ds-algo\src\test\java\stepdefinition\ConfigProperties.properties (The system cannot find the file specified)
at java.base/java.io.FileInputStream.open0(Native Method)
at java.base/java.io.FileInputStream.open(FileInputStream.java:216)
at java.base/java.io.FileInputStream.<init>(FileInputStream.java:157)
at java.base/java.io.FileInputStream.<init>(FileInputStream.java:111)
at stepdefinition.Hooks.driversetup(Hooks.java:35)
]]>
    </error>
  </testcase> <!-- runScenario -->
  <system-out/>
  <testcase classname="runneralgo.Runalgo" name="runScenario" time="0.046">
    <error message="C:\Users\amitf\eclipse-workspace\Ds-algo\src\test\java\stepdefinition\ConfigProperties.properties (The system cannot find the file specified)" type="java.io.FileNotFoundException">
      <![CDATA[java.io.FileNotFoundException: C:\Users\amitf\eclipse-workspace\Ds-algo\src\test\java\stepdefinition\ConfigProperties.properties (The system cannot find the file specified)
at java.base/java.io.FileInputStream.open0(Native Method)
at java.base/java.io.FileInputStream.open(FileInputStream.java:216)
at java.base/java.io.FileInputStream.<init>(FileInputStream.java:157)
at java.base/java.io.FileInputStream.<init>(FileInputStream.java:111)
at stepdefinition.Hooks.driversetup(Hooks.java:35)
]]>
    </error>
  </testcase> <!-- runScenario -->
  <system-out/>
  <testcase classname="runneralgo.Runalgo" name="runScenario" time="0.057">
    <error message="C:\Users\amitf\eclipse-workspace\Ds-algo\src\test\java\stepdefinition\ConfigProperties.properties (The system cannot find the file specified)" type="java.io.FileNotFoundException">
      <![CDATA[java.io.FileNotFoundException: C:\Users\amitf\eclipse-workspace\Ds-algo\src\test\java\stepdefinition\ConfigProperties.properties (The system cannot find the file specified)
at java.base/java.io.FileInputStream.open0(Native Method)
at java.base/java.io.FileInputStream.open(FileInputStream.java:216)
at java.base/java.io.FileInputStream.<init>(FileInputStream.java:157)
at java.base/java.io.FileInputStream.<init>(FileInputStream.java:111)
at stepdefinition.Hooks.driversetup(Hooks.java:35)
]]>
    </error>
  </testcase> <!-- runScenario -->
  <system-out/>
  <testcase classname="runneralgo.Runalgo" name="runScenario" time="0.049">
    <error message="C:\Users\amitf\eclipse-workspace\Ds-algo\src\test\java\stepdefinition\ConfigProperties.properties (The system cannot find the file specified)" type="java.io.FileNotFoundException">
      <![CDATA[java.io.FileNotFoundException: C:\Users\amitf\eclipse-workspace\Ds-algo\src\test\java\stepdefinition\ConfigProperties.properties (The system cannot find the file specified)
at java.base/java.io.FileInputStream.open0(Native Method)
at java.base/java.io.FileInputStream.open(FileInputStream.java:216)
at java.base/java.io.FileInputStream.<init>(FileInputStream.java:157)
at java.base/java.io.FileInputStream.<init>(FileInputStream.java:111)
at stepdefinition.Hooks.driversetup(Hooks.java:35)
]]>
    </error>
  </testcase> <!-- runScenario -->
  <system-out/>
  <testcase classname="runneralgo.Runalgo" name="runScenario" time="0.103">
    <error message="C:\Users\amitf\eclipse-workspace\Ds-algo\src\test\java\stepdefinition\ConfigProperties.properties (The system cannot find the file specified)" type="java.io.FileNotFoundException">
      <![CDATA[java.io.FileNotFoundException: C:\Users\amitf\eclipse-workspace\Ds-algo\src\test\java\stepdefinition\ConfigProperties.properties (The system cannot find the file specified)
at java.base/java.io.FileInputStream.open0(Native Method)
at java.base/java.io.FileInputStream.open(FileInputStream.java:216)
at java.base/java.io.FileInputStream.<init>(FileInputStream.java:157)
at java.base/java.io.FileInputStream.<init>(FileInputStream.java:111)
at stepdefinition.Hooks.driversetup(Hooks.java:35)
]]>
    </error>
  </testcase> <!-- runScenario -->
  <system-out/>
  <testcase classname="runneralgo.Runalgo" name="runScenario" time="0.021">
    <error message="C:\Users\amitf\eclipse-workspace\Ds-algo\src\test\java\stepdefinition\ConfigProperties.properties (The system cannot find the file specified)" type="java.io.FileNotFoundException">
      <![CDATA[java.io.FileNotFoundException: C:\Users\amitf\eclipse-workspace\Ds-algo\src\test\java\stepdefinition\ConfigProperties.properties (The system cannot find the file specified)
at java.base/java.io.FileInputStream.open0(Native Method)
at java.base/java.io.FileInputStream.open(FileInputStream.java:216)
at java.base/java.io.FileInputStream.<init>(FileInputStream.java:157)
at java.base/java.io.FileInputStream.<init>(FileInputStream.java:111)
at stepdefinition.Hooks.driversetup(Hooks.java:35)
]]>
    </error>
  </testcase> <!-- runScenario -->
  <system-out/>
  <testcase classname="runneralgo.Runalgo" name="runScenario" time="0.025">
    <error message="C:\Users\amitf\eclipse-workspace\Ds-algo\src\test\java\stepdefinition\ConfigProperties.properties (The system cannot find the file specified)" type="java.io.FileNotFoundException">
      <![CDATA[java.io.FileNotFoundException: C:\Users\amitf\eclipse-workspace\Ds-algo\src\test\java\stepdefinition\ConfigProperties.properties (The system cannot find the file specified)
at java.base/java.io.FileInputStream.open0(Native Method)
at java.base/java.io.FileInputStream.open(FileInputStream.java:216)
at java.base/java.io.FileInputStream.<init>(FileInputStream.java:157)
at java.base/java.io.FileInputStream.<init>(FileInputStream.java:111)
at stepdefinition.Hooks.driversetup(Hooks.java:35)
]]>
    </error>
  </testcase> <!-- runScenario -->
  <system-out/>
  <testcase classname="runneralgo.Runalgo" name="runScenario" time="0.026">
    <error message="C:\Users\amitf\eclipse-workspace\Ds-algo\src\test\java\stepdefinition\ConfigProperties.properties (The system cannot find the file specified)" type="java.io.FileNotFoundException">
      <![CDATA[java.io.FileNotFoundException: C:\Users\amitf\eclipse-workspace\Ds-algo\src\test\java\stepdefinition\ConfigProperties.properties (The system cannot find the file specified)
at java.base/java.io.FileInputStream.open0(Native Method)
at java.base/java.io.FileInputStream.open(FileInputStream.java:216)
at java.base/java.io.FileInputStream.<init>(FileInputStream.java:157)
at java.base/java.io.FileInputStream.<init>(FileInputStream.java:111)
at stepdefinition.Hooks.driversetup(Hooks.java:35)
]]>
    </error>
  </testcase> <!-- runScenario -->
  <system-out/>
  <testcase classname="runneralgo.Runalgo" name="runScenario" time="0.066">
    <error message="C:\Users\amitf\eclipse-workspace\Ds-algo\src\test\java\stepdefinition\ConfigProperties.properties (The system cannot find the file specified)" type="java.io.FileNotFoundException">
      <![CDATA[java.io.FileNotFoundException: C:\Users\amitf\eclipse-workspace\Ds-algo\src\test\java\stepdefinition\ConfigProperties.properties (The system cannot find the file specified)
at java.base/java.io.FileInputStream.open0(Native Method)
at java.base/java.io.FileInputStream.open(FileInputStream.java:216)
at java.base/java.io.FileInputStream.<init>(FileInputStream.java:157)
at java.base/java.io.FileInputStream.<init>(FileInputStream.java:111)
at stepdefinition.Hooks.driversetup(Hooks.java:35)
]]>
    </error>
  </testcase> <!-- runScenario -->
  <system-out/>
</testsuite> <!-- runneralgo.Runalgo -->
